<?xml version="1.0" encoding="UTF-8"?>
<!-- Generated by org.testng.reporters.JUnitXMLReporter -->
<testsuite hostname="DESKTOP-7AQG0UU" ignored="1" name="redis的全部测试模块" tests="124" failures="0" timestamp="31 八月 2020 07:29:26 GMT" time="3.881" errors="0">
  <testcase name="Test_BitCount" time="0.037" classname="com.tester.testcase.RedisTestStringCases"/>
  <testcase name="Test_BitCount" time="0.007" classname="com.tester.testcase.RedisTestStringCases"/>
  <testcase name="Test_BitCount2" time="0.004" classname="com.tester.testcase.RedisTestStringCases"/>
  <testcase name="Test_BitCount2" time="0.005" classname="com.tester.testcase.RedisTestStringCases"/>
  <testcase name="Test_Decr" time="0.004" classname="com.tester.testcase.RedisTestStringCases"/>
  <testcase name="Test_Decr" time="0.004" classname="com.tester.testcase.RedisTestStringCases"/>
  <testcase name="Test_DecrBy" time="0.006" classname="com.tester.testcase.RedisTestStringCases"/>
  <testcase name="Test_DecrBy" time="0.004" classname="com.tester.testcase.RedisTestStringCases"/>
  <testcase name="Test_Incr" time="0.009" classname="com.tester.testcase.RedisTestStringCases"/>
  <testcase name="Test_Incr" time="0.016" classname="com.tester.testcase.RedisTestStringCases"/>
  <testcase name="Test_IncrBy" time="0.018" classname="com.tester.testcase.RedisTestStringCases"/>
  <testcase name="Test_IncrBy" time="0.019" classname="com.tester.testcase.RedisTestStringCases"/>
  <testcase name="Test_IncrByFloat" time="0.005" classname="com.tester.testcase.RedisTestStringCases"/>
  <testcase name="Test_Psetex" time="0.005" classname="com.tester.testcase.RedisTestStringCases"/>
  <testcase name="Test_Set" time="0.01" classname="com.tester.testcase.RedisTestStringCases"/>
  <testcase name="Test_Setbit" time="0.006" classname="com.tester.testcase.RedisTestStringCases"/>
  <testcase name="Test_Setex" time="0.006" classname="com.tester.testcase.RedisTestStringCases"/>
  <testcase name="Test_Setnx" time="0.009" classname="com.tester.testcase.RedisTestStringCases"/>
  <testcase name="Test_Setnx" time="0.005" classname="com.tester.testcase.RedisTestStringCases"/>
  <testcase name="Test_StrLen" time="0.024" classname="com.tester.testcase.RedisTestStringCases"/>
  <testcase name="Test_StrLen" time="0.023" classname="com.tester.testcase.RedisTestStringCases"/>
  <testcase name="Test_Append" time="0.005" classname="com.tester.testcase.RedisTestStringCases"/>
  <testcase name="Test_GetSet" time="0.005" classname="com.tester.testcase.RedisTestStringCases"/>
  <testcase name="Test_SetRange" time="0.011" classname="com.tester.testcase.RedisTestStringCases"/>
  <testcase name="Test_Get" time="0.005" classname="com.tester.testcase.RedisTestStringCases"/>
  <testcase name="Test_GetBit" time="0.007" classname="com.tester.testcase.RedisTestStringCases"/>
  <testcase name="Test_GetBit" time="0.004" classname="com.tester.testcase.RedisTestStringCases"/>
  <testcase name="Test_GetRange" time="0.006" classname="com.tester.testcase.RedisTestStringCases"/>
  <testcase name="Test_BlPop" time="0.03" classname="com.tester.testcase.RedisTestListCases"/>
  <testcase name="Test_BrPop" time="0.009" classname="com.tester.testcase.RedisTestListCases"/>
  <testcase name="Test_LIndex" time="0.011" classname="com.tester.testcase.RedisTestListCases"/>
  <testcase name="Test_LIndex" time="0.014" classname="com.tester.testcase.RedisTestListCases"/>
  <testcase name="Test_LIndex" time="0.023" classname="com.tester.testcase.RedisTestListCases"/>
  <testcase name="Test_LInsert" time="0.01" classname="com.tester.testcase.RedisTestListCases"/>
  <testcase name="Test_LInsert" time="0.04" classname="com.tester.testcase.RedisTestListCases"/>
  <testcase name="Test_LInsert" time="0.008" classname="com.tester.testcase.RedisTestListCases"/>
  <testcase name="Test_LInsert" time="0.005" classname="com.tester.testcase.RedisTestListCases"/>
  <testcase name="Test_LPop" time="0.008" classname="com.tester.testcase.RedisTestListCases"/>
  <testcase name="Test_LPop" time="0.004" classname="com.tester.testcase.RedisTestListCases"/>
  <testcase name="Test_LPush" time="0.006" classname="com.tester.testcase.RedisTestListCases"/>
  <testcase name="Test_LPush" time="0.027" classname="com.tester.testcase.RedisTestListCases"/>
  <testcase name="Test_LPush" time="0.018" classname="com.tester.testcase.RedisTestListCases"/>
  <testcase name="Test_LPushx" time="0.007" classname="com.tester.testcase.RedisTestListCases"/>
  <testcase name="Test_LPushx" time="0.006" classname="com.tester.testcase.RedisTestListCases"/>
  <testcase name="Test_LRem" time="0.009" classname="com.tester.testcase.RedisTestListCases"/>
  <testcase name="Test_LRem" time="0.014" classname="com.tester.testcase.RedisTestListCases"/>
  <testcase name="Test_LRem" time="0.005" classname="com.tester.testcase.RedisTestListCases"/>
  <testcase name="Test_LSet" time="0.006" classname="com.tester.testcase.RedisTestListCases"/>
  <testcase name="Test_LTrim" time="0.005" classname="com.tester.testcase.RedisTestListCases"/>
  <testcase name="Test_RPop" time="0.022" classname="com.tester.testcase.RedisTestListCases"/>
  <testcase name="Test_RPop" time="0.023" classname="com.tester.testcase.RedisTestListCases"/>
  <testcase name="Test_RPush" time="0.006" classname="com.tester.testcase.RedisTestListCases"/>
  <testcase name="Test_RPush" time="0.01" classname="com.tester.testcase.RedisTestListCases"/>
  <testcase name="Test_RPush" time="0.009" classname="com.tester.testcase.RedisTestListCases"/>
  <testcase name="Test_RPushx" time="0.006" classname="com.tester.testcase.RedisTestListCases"/>
  <testcase name="Test_RPushx" time="0.008" classname="com.tester.testcase.RedisTestListCases"/>
  <testcase name="Test_LLen" time="0.009" classname="com.tester.testcase.RedisTestListCases"/>
  <testcase name="Test_LLen" time="0.027" classname="com.tester.testcase.RedisTestListCases"/>
  <testcase name="Test_LRange" time="0.01" classname="com.tester.testcase.RedisTestListCases"/>
  <testcase name="Test_Sadd" time="0.007" classname="com.tester.testcase.RedisTestSetCases"/>
  <testcase name="Test_Sadd" time="0.013" classname="com.tester.testcase.RedisTestSetCases"/>
  <testcase name="Test_Scard" time="0.006" classname="com.tester.testcase.RedisTestSetCases"/>
  <testcase name="Test_Scard" time="0.006" classname="com.tester.testcase.RedisTestSetCases"/>
  <testcase name="Test_SisMember" time="0.008" classname="com.tester.testcase.RedisTestSetCases"/>
  <testcase name="Test_SisMember" time="0.008" classname="com.tester.testcase.RedisTestSetCases"/>
  <testcase name="Test_Srem" time="0.007" classname="com.tester.testcase.RedisTestSetCases"/>
  <testcase name="Test_Srem" time="0.006" classname="com.tester.testcase.RedisTestSetCases"/>
  <testcase name="Test_SrandMember" time="0.006" classname="com.tester.testcase.RedisTestSetCases"/>
  <testcase name="Test_Sscan" time="0.011" classname="com.tester.testcase.RedisTestSetCases"/>
  <testcase name="Test_Spop" time="0.017" classname="com.tester.testcase.RedisTestSetCases"/>
  <testcase name="Test_Spop2" time="0.01" classname="com.tester.testcase.RedisTestSetCases"/>
  <testcase name="Test_ZAdd" time="0.015" classname="com.tester.testcase.RedisTestSortedSetCases"/>
  <testcase name="Test_ZAdd2" time="0.005" classname="com.tester.testcase.RedisTestSortedSetCases"/>
  <testcase name="Test_ZCard" time="0.007" classname="com.tester.testcase.RedisTestSortedSetCases"/>
  <testcase name="Test_ZCard" time="0.013" classname="com.tester.testcase.RedisTestSortedSetCases"/>
  <testcase name="Test_ZCount" time="0.008" classname="com.tester.testcase.RedisTestSortedSetCases"/>
  <testcase name="Test_ZCount" time="0.007" classname="com.tester.testcase.RedisTestSortedSetCases"/>
  <testcase name="Test_ZCount2" time="0.019" classname="com.tester.testcase.RedisTestSortedSetCases"/>
  <testcase name="Test_ZIncrBy" time="0.006" classname="com.tester.testcase.RedisTestSortedSetCases"/>
  <testcase name="Test_ZRangeByScore" time="0.006" classname="com.tester.testcase.RedisTestSortedSetCases"/>
  <testcase name="Test_ZRem" time="0.019" classname="com.tester.testcase.RedisTestSortedSetCases"/>
  <testcase name="Test_ZRem" time="0.006" classname="com.tester.testcase.RedisTestSortedSetCases"/>
  <testcase name="Test_ZRemByRank" time="0.008" classname="com.tester.testcase.RedisTestSortedSetCases"/>
  <testcase name="Test_ZRemRangeByScore" time="0.005" classname="com.tester.testcase.RedisTestSortedSetCases"/>
  <testcase name="Test_ZRevRange" time="0.009" classname="com.tester.testcase.RedisTestSortedSetCases"/>
  <testcase name="Test_ZRevRangeByScore" time="0.005" classname="com.tester.testcase.RedisTestSortedSetCases"/>
  <testcase name="Test_ZRevRank" time="0.008" classname="com.tester.testcase.RedisTestSortedSetCases"/>
  <testcase name="Test_ZScan" time="0.007" classname="com.tester.testcase.RedisTestSortedSetCases"/>
  <testcase name="Test_ZScore" time="0.017" classname="com.tester.testcase.RedisTestSortedSetCases"/>
  <testcase name="Test_ZRange" time="0.008" classname="com.tester.testcase.RedisTestSortedSetCases"/>
  <testcase name="Test_ZRank" time="0.007" classname="com.tester.testcase.RedisTestSortedSetCases"/>
  <testcase name="Test_Hexists" time="0.006" classname="com.tester.testcase.RedisTestHashCases"/>
  <testcase name="Test_Hexists" time="0.005" classname="com.tester.testcase.RedisTestHashCases"/>
  <testcase name="Test_Hexists" time="0.004" classname="com.tester.testcase.RedisTestHashCases"/>
  <testcase name="Test_HgetAll" time="0.008" classname="com.tester.testcase.RedisTestHashCases"/>
  <testcase name="Test_HgetAll" time="0.004" classname="com.tester.testcase.RedisTestHashCases"/>
  <testcase name="Test_HincrBy" time="0.006" classname="com.tester.testcase.RedisTestHashCases"/>
  <testcase name="Test_HincrBy" time="0.024" classname="com.tester.testcase.RedisTestHashCases"/>
  <testcase name="Test_HincrByFloat" time="0.008" classname="com.tester.testcase.RedisTestHashCases"/>
  <testcase name="Test_HincrByFloat" time="0.009" classname="com.tester.testcase.RedisTestHashCases"/>
  <testcase name="Test_Hkeys" time="0.009" classname="com.tester.testcase.RedisTestHashCases"/>
  <testcase name="Test_Hkeys" time="0.004" classname="com.tester.testcase.RedisTestHashCases"/>
  <testcase name="Test_Hmget" time="0.008" classname="com.tester.testcase.RedisTestHashCases"/>
  <testcase name="Test_Hmget" time="0.004" classname="com.tester.testcase.RedisTestHashCases"/>
  <testcase name="Test_Hmget" time="0.006" classname="com.tester.testcase.RedisTestHashCases"/>
  <testcase name="Test_Hmset" time="0.009" classname="com.tester.testcase.RedisTestHashCases"/>
  <testcase name="Test_Hmset" time="0.006" classname="com.tester.testcase.RedisTestHashCases"/>
  <testcase name="Test_Hset" time="0.006" classname="com.tester.testcase.RedisTestHashCases"/>
  <testcase name="Test_Hset" time="0.005" classname="com.tester.testcase.RedisTestHashCases"/>
  <testcase name="Test_Hset" time="0.025" classname="com.tester.testcase.RedisTestHashCases"/>
  <testcase name="Test_Hset" time="0.006" classname="com.tester.testcase.RedisTestHashCases"/>
  <testcase name="Test_Hset2" time="0.016" classname="com.tester.testcase.RedisTestHashCases"/>
  <testcase name="Test_Hset2" time="0.012" classname="com.tester.testcase.RedisTestHashCases"/>
  <testcase name="Test_Hvals" time="0.006" classname="com.tester.testcase.RedisTestHashCases"/>
  <testcase name="Test_Hvals" time="0.005" classname="com.tester.testcase.RedisTestHashCases"/>
  <testcase name="Test_Hget" time="0.005" classname="com.tester.testcase.RedisTestHashCases"/>
  <testcase name="Test_Hget" time="0.01" classname="com.tester.testcase.RedisTestHashCases"/>
  <testcase name="Test_Hget" time="0.007" classname="com.tester.testcase.RedisTestHashCases"/>
  <testcase name="Test_Hlen" time="0.008" classname="com.tester.testcase.RedisTestHashCases"/>
  <testcase name="Test_Hlen" time="0.033" classname="com.tester.testcase.RedisTestHashCases"/>
  <testcase name="Test_Hscan" time="0.019" classname="com.tester.testcase.RedisTestHashCases"/>
  <testcase name="Test_Hdel" time="0.011" classname="com.tester.testcase.RedisTestHashCases"/>
  <testcase name="Test_Hdel" time="0.008" classname="com.tester.testcase.RedisTestHashCases"/>
  <testcase name="Test_Hdel" time="0.005" classname="com.tester.testcase.RedisTestHashCases"/>
  <testcase name="Test_Hsetnx" time="0.0" classname="com.tester.testcase.RedisTestHashCases">
    <ignored/>
  </testcase> <!-- Test_Hsetnx -->
</testsuite> <!-- redis的全部测试模块 -->
