<?xml version="1.0" encoding="UTF-8" ?>
<testsuite tests="124" failures="0" name="TestSuite" time="8.197" errors="0" skipped="0">
  <properties>
[...]
</properties>
  <testcase classname="com.tester.testcase.RedisTestStringCases" name="Test_BitCount" time="0.268"/>
  <testcase classname="com.tester.testcase.RedisTestStringCases" name="Test_BitCount" time="0.012"/>
  <testcase classname="com.tester.testcase.RedisTestStringCases" name="Test_BitCount2" time="0.004"/>
  <testcase classname="com.tester.testcase.RedisTestStringCases" name="Test_BitCount2" time="0.004"/>
  <testcase classname="com.tester.testcase.RedisTestStringCases" name="Test_Decr" time="0.136"/>
  <testcase classname="com.tester.testcase.RedisTestStringCases" name="Test_Decr" time="0.005"/>
  <testcase classname="com.tester.testcase.RedisTestStringCases" name="Test_DecrBy" time="0.027"/>
  <testcase classname="com.tester.testcase.RedisTestStringCases" name="Test_DecrBy" time="0.122"/>
  <testcase classname="com.tester.testcase.RedisTestStringCases" name="Test_GetSet" time="0.012"/>
  <testcase classname="com.tester.testcase.RedisTestStringCases" name="Test_Incr" time="0.024"/>
  <testcase classname="com.tester.testcase.RedisTestStringCases" name="Test_Incr" time="0.134"/>
  <testcase classname="com.tester.testcase.RedisTestStringCases" name="Test_IncrBy" time="0.019"/>
  <testcase classname="com.tester.testcase.RedisTestStringCases" name="Test_IncrBy" time="0.151"/>
  <testcase classname="com.tester.testcase.RedisTestStringCases" name="Test_IncrByFloat" time="0.011"/>
  <testcase classname="com.tester.testcase.RedisTestStringCases" name="Test_Psetex" time="0.126"/>
  <testcase classname="com.tester.testcase.RedisTestStringCases" name="Test_Set" time="0.018"/>
  <testcase classname="com.tester.testcase.RedisTestStringCases" name="Test_SetRange" time="0.017"/>
  <testcase classname="com.tester.testcase.RedisTestStringCases" name="Test_Setbit" time="0.122"/>
  <testcase classname="com.tester.testcase.RedisTestStringCases" name="Test_Setex" time="0.007"/>
  <testcase classname="com.tester.testcase.RedisTestStringCases" name="Test_Setnx" time="0.005"/>
  <testcase classname="com.tester.testcase.RedisTestStringCases" name="Test_Setnx" time="0.006"/>
  <testcase classname="com.tester.testcase.RedisTestStringCases" name="Test_StrLen" time="0.007"/>
  <testcase classname="com.tester.testcase.RedisTestStringCases" name="Test_StrLen" time="0.005"/>
  <testcase classname="com.tester.testcase.RedisTestStringCases" name="Test_Append" time="0.12"/>
  <testcase classname="com.tester.testcase.RedisTestStringCases" name="Test_Get" time="0.006"/>
  <testcase classname="com.tester.testcase.RedisTestStringCases" name="Test_GetBit" time="0.008"/>
  <testcase classname="com.tester.testcase.RedisTestStringCases" name="Test_GetBit" time="0.006"/>
  <testcase classname="com.tester.testcase.RedisTestStringCases" name="Test_GetRange" time="0.139"/>
  <testcase classname="com.tester.testcase.RedisTestListCases" name="Test_BlPop" time="0.032"/>
  <testcase classname="com.tester.testcase.RedisTestListCases" name="Test_BrPop" time="0.006"/>
  <testcase classname="com.tester.testcase.RedisTestListCases" name="Test_LIndex" time="0.011"/>
  <testcase classname="com.tester.testcase.RedisTestListCases" name="Test_LIndex" time="0.015"/>
  <testcase classname="com.tester.testcase.RedisTestListCases" name="Test_LIndex" time="0.009"/>
  <testcase classname="com.tester.testcase.RedisTestListCases" name="Test_LInsert" time="0.006"/>
  <testcase classname="com.tester.testcase.RedisTestListCases" name="Test_LInsert" time="0.006"/>
  <testcase classname="com.tester.testcase.RedisTestListCases" name="Test_LInsert" time="0.011"/>
  <testcase classname="com.tester.testcase.RedisTestListCases" name="Test_LInsert" time="0.005"/>
  <testcase classname="com.tester.testcase.RedisTestListCases" name="Test_LPop" time="0.005"/>
  <testcase classname="com.tester.testcase.RedisTestListCases" name="Test_LPop" time="0.007"/>
  <testcase classname="com.tester.testcase.RedisTestListCases" name="Test_LPush" time="0.017"/>
  <testcase classname="com.tester.testcase.RedisTestListCases" name="Test_LPush" time="0.006"/>
  <testcase classname="com.tester.testcase.RedisTestListCases" name="Test_LPush" time="0.006"/>
  <testcase classname="com.tester.testcase.RedisTestListCases" name="Test_LPushx" time="0.007"/>
  <testcase classname="com.tester.testcase.RedisTestListCases" name="Test_LPushx" time="0.009"/>
  <testcase classname="com.tester.testcase.RedisTestListCases" name="Test_LRem" time="0.007"/>
  <testcase classname="com.tester.testcase.RedisTestListCases" name="Test_LRem" time="0.006"/>
  <testcase classname="com.tester.testcase.RedisTestListCases" name="Test_LRem" time="0.006"/>
  <testcase classname="com.tester.testcase.RedisTestListCases" name="Test_LSet" time="0.007"/>
  <testcase classname="com.tester.testcase.RedisTestListCases" name="Test_LTrim" time="0.009"/>
  <testcase classname="com.tester.testcase.RedisTestListCases" name="Test_RPop" time="0.007"/>
  <testcase classname="com.tester.testcase.RedisTestListCases" name="Test_RPop" time="0.006"/>
  <testcase classname="com.tester.testcase.RedisTestListCases" name="Test_RPush" time="0.005"/>
  <testcase classname="com.tester.testcase.RedisTestListCases" name="Test_RPush" time="0.005"/>
  <testcase classname="com.tester.testcase.RedisTestListCases" name="Test_RPush" time="0.006"/>
  <testcase classname="com.tester.testcase.RedisTestListCases" name="Test_RPushx" time="0.006"/>
  <testcase classname="com.tester.testcase.RedisTestListCases" name="Test_RPushx" time="0.006"/>
  <testcase classname="com.tester.testcase.RedisTestListCases" name="Test_LLen" time="0.007"/>
  <testcase classname="com.tester.testcase.RedisTestListCases" name="Test_LLen" time="0.004"/>
  <testcase classname="com.tester.testcase.RedisTestListCases" name="Test_LRange" time="0.006"/>
  <testcase classname="com.tester.testcase.RedisTestSetCases" name="Test_Sadd" time="0.007"/>
  <testcase classname="com.tester.testcase.RedisTestSetCases" name="Test_Sadd" time="0.005"/>
  <testcase classname="com.tester.testcase.RedisTestSetCases" name="Test_Scard" time="0.006"/>
  <testcase classname="com.tester.testcase.RedisTestSetCases" name="Test_Scard" time="0.006"/>
  <testcase classname="com.tester.testcase.RedisTestSetCases" name="Test_SisMember" time="0.009"/>
  <testcase classname="com.tester.testcase.RedisTestSetCases" name="Test_SisMember" time="0.029"/>
  <testcase classname="com.tester.testcase.RedisTestSetCases" name="Test_Srem" time="0.006"/>
  <testcase classname="com.tester.testcase.RedisTestSetCases" name="Test_Srem" time="0.004"/>
  <testcase classname="com.tester.testcase.RedisTestSetCases" name="Test_SrandMember" time="0.009"/>
  <testcase classname="com.tester.testcase.RedisTestSetCases" name="Test_Sscan" time="0.013"/>
  <testcase classname="com.tester.testcase.RedisTestSetCases" name="Test_Spop" time="0.006"/>
  <testcase classname="com.tester.testcase.RedisTestSetCases" name="Test_Spop2" time="0.016"/>
  <testcase classname="com.tester.testcase.RedisTestSortedSetCases" name="Test_ZAdd" time="0.005"/>
  <testcase classname="com.tester.testcase.RedisTestSortedSetCases" name="Test_ZAdd2" time="0.004"/>
  <testcase classname="com.tester.testcase.RedisTestSortedSetCases" name="Test_ZCard" time="0.006"/>
  <testcase classname="com.tester.testcase.RedisTestSortedSetCases" name="Test_ZCard" time="0.008"/>
  <testcase classname="com.tester.testcase.RedisTestSortedSetCases" name="Test_ZCount" time="0.018"/>
  <testcase classname="com.tester.testcase.RedisTestSortedSetCases" name="Test_ZCount" time="0.006"/>
  <testcase classname="com.tester.testcase.RedisTestSortedSetCases" name="Test_ZCount2" time="0.006"/>
  <testcase classname="com.tester.testcase.RedisTestSortedSetCases" name="Test_ZIncrBy" time="0.006"/>
  <testcase classname="com.tester.testcase.RedisTestSortedSetCases" name="Test_ZRangeByScore" time="0.013"/>
  <testcase classname="com.tester.testcase.RedisTestSortedSetCases" name="Test_ZRem" time="0.006"/>
  <testcase classname="com.tester.testcase.RedisTestSortedSetCases" name="Test_ZRem" time="0.006"/>
  <testcase classname="com.tester.testcase.RedisTestSortedSetCases" name="Test_ZRemByRank" time="0.005"/>
  <testcase classname="com.tester.testcase.RedisTestSortedSetCases" name="Test_ZRemRangeByScore" time="0.006"/>
  <testcase classname="com.tester.testcase.RedisTestSortedSetCases" name="Test_ZRevRange" time="0.006"/>
  <testcase classname="com.tester.testcase.RedisTestSortedSetCases" name="Test_ZRevRangeByScore" time="0.004"/>
  <testcase classname="com.tester.testcase.RedisTestSortedSetCases" name="Test_ZRevRank" time="0.005"/>
  <testcase classname="com.tester.testcase.RedisTestSortedSetCases" name="Test_ZScan" time="0.008"/>
  <testcase classname="com.tester.testcase.RedisTestSortedSetCases" name="Test_ZScore" time="0.017"/>
  <testcase classname="com.tester.testcase.RedisTestSortedSetCases" name="Test_ZRange" time="0.006"/>
  <testcase classname="com.tester.testcase.RedisTestSortedSetCases" name="Test_ZRank" time="0.006"/>
  <testcase classname="com.tester.testcase.RedisTestHashCases" name="Test_Hexists" time="0.006"/>
  <testcase classname="com.tester.testcase.RedisTestHashCases" name="Test_Hexists" time="0.005"/>
  <testcase classname="com.tester.testcase.RedisTestHashCases" name="Test_Hexists" time="0.005"/>
  <testcase classname="com.tester.testcase.RedisTestHashCases" name="Test_HgetAll" time="0.005"/>
  <testcase classname="com.tester.testcase.RedisTestHashCases" name="Test_HgetAll" time="0.004"/>
  <testcase classname="com.tester.testcase.RedisTestHashCases" name="Test_HincrBy" time="0.02"/>
  <testcase classname="com.tester.testcase.RedisTestHashCases" name="Test_HincrBy" time="0.008"/>
  <testcase classname="com.tester.testcase.RedisTestHashCases" name="Test_HincrByFloat" time="0.006"/>
  <testcase classname="com.tester.testcase.RedisTestHashCases" name="Test_HincrByFloat" time="0.003"/>
  <testcase classname="com.tester.testcase.RedisTestHashCases" name="Test_Hkeys" time="0.013"/>
  <testcase classname="com.tester.testcase.RedisTestHashCases" name="Test_Hkeys" time="0.006"/>
  <testcase classname="com.tester.testcase.RedisTestHashCases" name="Test_Hmget" time="0.006"/>
  <testcase classname="com.tester.testcase.RedisTestHashCases" name="Test_Hmget" time="0.005"/>
  <testcase classname="com.tester.testcase.RedisTestHashCases" name="Test_Hmget" time="0.004"/>
  <testcase classname="com.tester.testcase.RedisTestHashCases" name="Test_Hmset" time="0.004"/>
  <testcase classname="com.tester.testcase.RedisTestHashCases" name="Test_Hmset" time="0.004"/>
  <testcase classname="com.tester.testcase.RedisTestHashCases" name="Test_Hset" time="0.008"/>
  <testcase classname="com.tester.testcase.RedisTestHashCases" name="Test_Hset" time="0.003"/>
  <testcase classname="com.tester.testcase.RedisTestHashCases" name="Test_Hset" time="0.004"/>
  <testcase classname="com.tester.testcase.RedisTestHashCases" name="Test_Hset" time="0.019"/>
  <testcase classname="com.tester.testcase.RedisTestHashCases" name="Test_Hset2" time="0.005"/>
  <testcase classname="com.tester.testcase.RedisTestHashCases" name="Test_Hset2" time="0.006"/>
  <testcase classname="com.tester.testcase.RedisTestHashCases" name="Test_Hvals" time="0.005"/>
  <testcase classname="com.tester.testcase.RedisTestHashCases" name="Test_Hvals" time="0.004"/>
  <testcase classname="com.tester.testcase.RedisTestHashCases" name="Test_Hget" time="0.017"/>
  <testcase classname="com.tester.testcase.RedisTestHashCases" name="Test_Hget" time="0.004"/>
  <testcase classname="com.tester.testcase.RedisTestHashCases" name="Test_Hget" time="0.004"/>
  <testcase classname="com.tester.testcase.RedisTestHashCases" name="Test_Hlen" time="0.006"/>
  <testcase classname="com.tester.testcase.RedisTestHashCases" name="Test_Hlen" time="0.003"/>
  <testcase classname="com.tester.testcase.RedisTestHashCases" name="Test_Hscan" time="0.052"/>
  <testcase classname="com.tester.testcase.RedisTestHashCases" name="Test_Hdel" time="0.008"/>
  <testcase classname="com.tester.testcase.RedisTestHashCases" name="Test_Hdel" time="0.005"/>
  <testcase classname="com.tester.testcase.RedisTestHashCases" name="Test_Hdel" time="0.012"/>
</testsuite>